time="2024-07-03T17:28:30+03:00" level=info msg="create router" func="main.main()" file="app.go:15"
time="2024-07-03T17:28:30+03:00" level=info msg="register handler" func="main.main()" file="app.go:18"
time="2024-07-03T17:28:30+03:00" level=info msg="start app" func="main.start()" file="app.go:27"
time="2024-07-03T17:28:30+03:00" level=info msg="listening port 127.0.0.1:1234" func="main.start()" file="app.go:38"
time="2024-07-03T18:51:07+03:00" level=info msg="create router" func="main.main()" file="app.go:19"
time="2024-07-03T18:51:07+03:00" level=info msg="reading config" func="github.com/DmitriyKolesnikM8O/Practice24/internal/config.GetConfig.func1()" file="config.go:28"
time="2024-07-03T18:51:07+03:00" level=info msg="register handler" func="main.main()" file="app.go:24"
time="2024-07-03T18:51:07+03:00" level=info msg="start app" func="main.start()" file="app.go:33"
time="2024-07-03T18:51:07+03:00" level=info msg="listen tcp" func="main.start()" file="app.go:51"
time="2024-07-03T18:51:07+03:00" level=info msg="listening port 0.0.0.0:10000" func="main.start()" file="app.go:65"
time="2024-07-03T18:53:49+03:00" level=info msg="create router" func="main.main()" file="app.go:19"
time="2024-07-03T18:53:49+03:00" level=info msg="reading config" func="github.com/DmitriyKolesnikM8O/Practice24/internal/config.GetConfig.func1()" file="config.go:28"
time="2024-07-03T18:53:49+03:00" level=info msg="register handler" func="main.main()" file="app.go:24"
time="2024-07-03T18:53:49+03:00" level=info msg="start app" func="main.start()" file="app.go:33"
time="2024-07-03T18:53:49+03:00" level=info msg="listen tcp" func="main.start()" file="app.go:51"
time="2024-07-03T18:53:49+03:00" level=info msg="listening port 0.0.0.0:10000" func="main.start()" file="app.go:65"
time="2024-07-03T18:54:28+03:00" level=info msg="create router" func="main.main()" file="app.go:19"
time="2024-07-03T18:54:28+03:00" level=info msg="reading config" func="github.com/DmitriyKolesnikM8O/Practice24/internal/config.GetConfig.func1()" file="config.go:28"
time="2024-07-03T18:54:28+03:00" level=info msg="register handler" func="main.main()" file="app.go:24"
time="2024-07-03T18:54:28+03:00" level=info msg="start app" func="main.start()" file="app.go:33"
time="2024-07-03T18:54:28+03:00" level=info msg="create socket" func="main.start()" file="app.go:44"
time="2024-07-03T18:54:28+03:00" level=debug msg="socket path: /home/ares/.cache/JetBrains/GoLand2024.1/tmp/GoLand/app.sock" func="main.start()" file="app.go:46"
time="2024-07-03T18:54:28+03:00" level=info msg="listen unix socket" func="main.start()" file="app.go:48"
time="2024-07-03T18:54:28+03:00" level=info msg="listening port 127.0.0.1:8080" func="main.start()" file="app.go:65"
time="2024-07-03T18:57:55+03:00" level=info msg="create router" func="main.main()" file="app.go:19"
time="2024-07-03T18:57:55+03:00" level=info msg="reading config" func="github.com/DmitriyKolesnikM8O/Practice24/internal/config.GetConfig.func1()" file="config.go:28"
time="2024-07-03T18:57:55+03:00" level=info msg="register handler" func="main.main()" file="app.go:24"
time="2024-07-03T18:57:55+03:00" level=info msg="start app" func="main.start()" file="app.go:33"
time="2024-07-03T18:57:55+03:00" level=info msg="detect app path" func="main.start()" file="app.go:39"
time="2024-07-03T18:57:55+03:00" level=info msg="create socket" func="main.start()" file="app.go:45"
time="2024-07-03T18:57:55+03:00" level=debug msg="socket path: /home/ares/Practice24/build/app.sock" func="main.start()" file="app.go:47"
time="2024-07-03T18:57:55+03:00" level=info msg="listen unix socket" func="main.start()" file="app.go:49"
time="2024-07-03T18:57:55+03:00" level=info msg="listening unix socket: /home/ares/Practice24/build/app.sock" func="main.start()" file="app.go:51"
time="2024-07-03T18:59:50+03:00" level=info msg="create router" func="main.main()" file="app.go:19"
time="2024-07-03T18:59:50+03:00" level=info msg="reading config" func="github.com/DmitriyKolesnikM8O/Practice24/internal/config.GetConfig.func1()" file="config.go:28"
time="2024-07-03T18:59:50+03:00" level=info msg="register handler" func="main.main()" file="app.go:24"
time="2024-07-03T18:59:50+03:00" level=info msg="start app" func="main.start()" file="app.go:33"
time="2024-07-03T18:59:50+03:00" level=info msg="detect app path" func="main.start()" file="app.go:39"
time="2024-07-03T18:59:50+03:00" level=info msg="create socket" func="main.start()" file="app.go:45"
time="2024-07-03T18:59:50+03:00" level=debug msg="socket path: /home/ares/Practice24/build/app.sock" func="main.start()" file="app.go:47"
time="2024-07-03T18:59:50+03:00" level=info msg="listen unix socket" func="main.start()" file="app.go:49"
time="2024-07-03T18:59:50+03:00" level=info msg="listening unix socket: /home/ares/Practice24/build/app.sock" func="main.start()" file="app.go:51"
time="2024-07-03T18:59:50+03:00" level=fatal msg="listen unix /home/ares/Practice24/build/app.sock: bind: address already in use" func="main.start()" file="app.go:59"
time="2024-07-03T18:59:52+03:00" level=info msg="create router" func="main.main()" file="app.go:19"
time="2024-07-03T18:59:52+03:00" level=info msg="reading config" func="github.com/DmitriyKolesnikM8O/Practice24/internal/config.GetConfig.func1()" file="config.go:28"
time="2024-07-03T18:59:52+03:00" level=info msg="register handler" func="main.main()" file="app.go:24"
time="2024-07-03T19:00:27+03:00" level=info msg="start app" func="main.start()" file="app.go:33"
time="2024-07-03T19:00:27+03:00" level=info msg="detect app path" func="main.start()" file="app.go:39"
time="2024-07-03T19:00:27+03:00" level=info msg="create socket" func="main.start()" file="app.go:45"
time="2024-07-03T19:00:27+03:00" level=debug msg="socket path: /home/ares/Practice24/build/app.sock" func="main.start()" file="app.go:47"
time="2024-07-03T19:00:27+03:00" level=info msg="listen unix socket" func="main.start()" file="app.go:49"
time="2024-07-03T19:00:27+03:00" level=info msg="listening unix socket: /home/ares/Practice24/build/app.sock" func="main.start()" file="app.go:51"
time="2024-07-03T19:00:27+03:00" level=fatal msg="listen unix /home/ares/Practice24/build/app.sock: bind: address already in use" func="main.start()" file="app.go:59"
time="2024-07-03T19:00:30+03:00" level=info msg="create router" func="main.main()" file="app.go:19"
time="2024-07-03T19:00:30+03:00" level=info msg="reading config" func="github.com/DmitriyKolesnikM8O/Practice24/internal/config.GetConfig.func1()" file="config.go:28"
time="2024-07-03T19:00:30+03:00" level=info msg="register handler" func="main.main()" file="app.go:24"
